{
  "RSpec": {
    "coverage": {
      "/home/karsonkalt/tic-tac-toe-rb-ruby-intro-000/lib/tic_tac_toe.rb": [
        null,
        null,
        1,
        null,
        null,
        null,
        null,
        null,
        null,
        null,
        null,
        null,
        null,
        null,
        1,
        24,
        24,
        24,
        24,
        24,
        null,
        null,
        1,
        23,
        null,
        null,
        1,
        22,
        null,
        null,
        1,
        143,
        125,
        null,
        18,
        null,
        null,
        null,
        1,
        23,
        21,
        20,
        null,
        1,
        null,
        null,
        2,
        null,
        null,
        null,
        1,
        23,
        23,
        23,
        23,
        20,
        19,
        19,
        null,
        1,
        1,
        null,
        null,
        null,
        1,
        47,
        423,
        null,
        47,
        null,
        null,
        1,
        24,
        15,
        null,
        9,
        null,
        null,
        null,
        1,
        57,
        405,
        null,
        null,
        null,
        null,
        null,
        1,
        22,
        5,
        null,
        17,
        null,
        null,
        null,
        1,
        28,
        0,
        null,
        28,
        null,
        null,
        null,
        1,
        21,
        6,
        null,
        15,
        null,
        null,
        null,
        1,
        3,
        null,
        null,
        null,
        null,
        1,
        12,
        21,
        null,
        null,
        8,
        1,
        7,
        1,
        null,
        null
      ]
    },
    "timestamp": 1597250100
  }
}
